<?xml version="1.0" encoding="UTF-8"?>
<testsuite xmlns:xsi="http://www.w3.org/2001/XMLSchema-instance" xsi:noNamespaceSchemaLocation="https://maven.apache.org/surefire/maven-surefire-plugin/xsd/surefire-test-report.xsd" name="com.talent_insider.AppTest" time="0.062" tests="1" errors="0" skipped="0" failures="0">
  <properties>
    <property name="java.specification.version" value="20"/>
    <property name="sun.cpu.isalist" value="amd64"/>
    <property name="sun.jnu.encoding" value="Cp1252"/>
    <property name="java.class.path" value="D:\Talent Insider\talent_insider\target\test-classes;D:\Talent Insider\talent_insider\target\classes;C:\Users\anshs\.m2\repository\maven\maven-war-plugin\20030413.023708\maven-war-plugin-20030413.023708.jar;C:\Users\anshs\.m2\repository\org\mortbay\jetty\servlet-annotation-spec\3.0.pre0\servlet-annotation-spec-3.0.pre0.jar;C:\Users\anshs\.m2\repository\org\mortbay\jetty\servlet-api\3.0.pre1\servlet-api-3.0.pre1.jar;C:\Users\anshs\.m2\repository\javax\servlet\servlet-api\3.0-alpha-1\servlet-api-3.0-alpha-1.jar;C:\Users\anshs\.m2\repository\javax\servlet\javax.servlet-api\3.1.0\javax.servlet-api-3.1.0.jar;C:\Users\anshs\.m2\repository\com\mysql\mysql-connector-j\8.0.33\mysql-connector-j-8.0.33.jar;C:\Users\anshs\.m2\repository\com\google\protobuf\protobuf-java\3.21.9\protobuf-java-3.21.9.jar;C:\Users\anshs\.m2\repository\junit\junit\4.11\junit-4.11.jar;C:\Users\anshs\.m2\repository\org\hamcrest\hamcrest-core\1.3\hamcrest-core-1.3.jar;"/>
    <property name="java.vm.vendor" value="Oracle Corporation"/>
    <property name="sun.arch.data.model" value="64"/>
    <property name="user.variant" value=""/>
    <property name="java.vendor.url" value="https://java.oracle.com/"/>
    <property name="user.timezone" value="Asia/Calcutta"/>
    <property name="os.name" value="Windows 11"/>
    <property name="java.vm.specification.version" value="20"/>
    <property name="sun.java.launcher" value="SUN_STANDARD"/>
    <property name="user.country" value="IN"/>
    <property name="sun.boot.library.path" value="C:\Program Files\Java\jdk-20\bin"/>
    <property name="sun.java.command" value="C:\Users\anshs\AppData\Local\Temp\surefire7513655983374028035\surefirebooter4417753077979697812.jar C:\Users\anshs\AppData\Local\Temp\surefire7513655983374028035 2024-04-04T18-43-23_867-jvmRun1 surefire9794424533847201622tmp surefire_01581303926339307327tmp"/>
    <property name="jdk.debug" value="release"/>
    <property name="surefire.test.class.path" value="D:\Talent Insider\talent_insider\target\test-classes;D:\Talent Insider\talent_insider\target\classes;C:\Users\anshs\.m2\repository\maven\maven-war-plugin\20030413.023708\maven-war-plugin-20030413.023708.jar;C:\Users\anshs\.m2\repository\org\mortbay\jetty\servlet-annotation-spec\3.0.pre0\servlet-annotation-spec-3.0.pre0.jar;C:\Users\anshs\.m2\repository\org\mortbay\jetty\servlet-api\3.0.pre1\servlet-api-3.0.pre1.jar;C:\Users\anshs\.m2\repository\javax\servlet\servlet-api\3.0-alpha-1\servlet-api-3.0-alpha-1.jar;C:\Users\anshs\.m2\repository\javax\servlet\javax.servlet-api\3.1.0\javax.servlet-api-3.1.0.jar;C:\Users\anshs\.m2\repository\com\mysql\mysql-connector-j\8.0.33\mysql-connector-j-8.0.33.jar;C:\Users\anshs\.m2\repository\com\google\protobuf\protobuf-java\3.21.9\protobuf-java-3.21.9.jar;C:\Users\anshs\.m2\repository\junit\junit\4.11\junit-4.11.jar;C:\Users\anshs\.m2\repository\org\hamcrest\hamcrest-core\1.3\hamcrest-core-1.3.jar;"/>
    <property name="sun.cpu.endian" value="little"/>
    <property name="user.home" value="C:\Users\anshs"/>
    <property name="user.language" value="en"/>
    <property name="java.specification.vendor" value="Oracle Corporation"/>
    <property name="java.version.date" value="2023-07-18"/>
    <property name="java.home" value="C:\Program Files\Java\jdk-20"/>
    <property name="file.separator" value="\"/>
    <property name="basedir" value="D:\Talent Insider\talent_insider"/>
    <property name="java.vm.compressedOopsMode" value="Zero based"/>
    <property name="line.separator" value="&#10;"/>
    <property name="java.vm.specification.vendor" value="Oracle Corporation"/>
    <property name="java.specification.name" value="Java Platform API Specification"/>
    <property name="surefire.real.class.path" value="C:\Users\anshs\AppData\Local\Temp\surefire7513655983374028035\surefirebooter4417753077979697812.jar"/>
    <property name="user.script" value=""/>
    <property name="sun.management.compiler" value="HotSpot 64-Bit Tiered Compilers"/>
    <property name="java.runtime.version" value="20.0.2+9-78"/>
    <property name="user.name" value="anshs"/>
    <property name="stdout.encoding" value="Cp1252"/>
    <property name="path.separator" value=";"/>
    <property name="os.version" value="10.0"/>
    <property name="java.runtime.name" value="Java(TM) SE Runtime Environment"/>
    <property name="file.encoding" value="UTF-8"/>
    <property name="java.vm.name" value="Java HotSpot(TM) 64-Bit Server VM"/>
    <property name="localRepository" value="C:\Users\anshs\.m2\repository"/>
    <property name="java.vendor.url.bug" value="https://bugreport.java.com/bugreport/"/>
    <property name="java.io.tmpdir" value="C:\Users\anshs\AppData\Local\Temp\"/>
    <property name="java.version" value="20.0.2"/>
    <property name="user.dir" value="D:\Talent Insider\talent_insider"/>
    <property name="os.arch" value="amd64"/>
    <property name="java.vm.specification.name" value="Java Virtual Machine Specification"/>
    <property name="sun.os.patch.level" value=""/>
    <property name="native.encoding" value="Cp1252"/>
    <property name="java.library.path" value="C:\Program Files\Java\jdk-20\bin;C:\WINDOWS\Sun\Java\bin;C:\WINDOWS\system32;C:\WINDOWS;C:\Python312\Scripts\;C:\Python312\;D:\Latest JDK\bin;C:\Program Files (x86)\Common Files\Intel\Shared Libraries\redist\intel64\compiler;D:\Python Module\Scripts\;D:\Python Module\;C:\Program Files\Common Files\Oracle\Java\javapath;D:\Java Development Kit\bin;C:\Windows\system32;C:\Windows;C:\Windows\System32\Wbem;C:\Windows\System32\WindowsPowerShell\v1.0\;C:\Windows\System32\OpenSSH\;C:\Program Files\NVIDIA Corporation\NVIDIA NvDLISR;C:\Program Files (x86)\NVIDIA Corporation\PhysX\Common;C:\WINDOWS\system32;C:\WINDOWS;C:\WINDOWS\System32\Wbem;C:\WINDOWS\System32\WindowsPowerShell\v1.0\;C:\WINDOWS\System32\OpenSSH\;C:\Program Files\Docker\Docker\resources\bin;D:\Git\cmd;D:\Node JS\;C:\ProgramData\chocolatey\bin;C:\Users\anshs\AppData\Local\Pub\Cache\bin;C:\Program Files\MySQL\MySQL Shell 8.0\bin\;C:\Users\anshs\AppData\Local\Microsoft\WindowsApps;D:\Microsoft VS Code\bin;D:\flutter\bin;D:\Anaconda\condabin\conda.bat;D:\Anaconda\Scripts\conda.exe;D:\Anaconda\Library\bin\conda.bat;C:\Users\anshs\AppData\Roaming\Python\Python311\Scripts;C:\Users\anshs\AppData\Roaming\npm;C:\Users\anshs\AppData\Local\Pub\Cache\bin;C:\Program Files\Java\apache-maven-3.9.6\bin;C:\Program Files\Java\apache-tomcat-9.0.87\bin;;."/>
    <property name="java.vm.info" value="mixed mode, sharing"/>
    <property name="stderr.encoding" value="Cp1252"/>
    <property name="java.vendor" value="Oracle Corporation"/>
    <property name="java.vm.version" value="20.0.2+9-78"/>
    <property name="sun.io.unicode.encoding" value="UnicodeLittle"/>
    <property name="java.class.version" value="64.0"/>
  </properties>
  <testcase name="shouldAnswerWithTrue" classname="com.talent_insider.AppTest" time="0.013"/>
</testsuite>